{"level":"INFO","message":"[3:06:18.603 AM]: Creating new connection object"}
{"level":"INFO","message":"[3:08:29.574 AM]: Creating new connection object"}
{"level":"INFO","message":"[3:09:19.617 AM]: Creating new connection object"}
{"level":"INFO","message":"[3:09:19.620 AM]: Creating Connection[id: 71e8973e-fadc-4525-8187-76d262993d73] with host: aalwtqw-we85311.snowflakecomputing.com, account: aalwtqw-we85311, accessUrl: https://aalwtqw-we85311.snowflakecomputing.com, user: hlee3088, role: ACCOUNTADMIN, database: MY_DB, schema: PUBLIC, warehouse: COMPUTE_WH, proxy was not configured, password is provided, region: undefined, authenticator: SNOWFLAKE, ocsp mode: FAIL_OPEN, os: darwin, os version: 24.0.0"}
{"level":"INFO","message":"[3:09:19.621 AM]: Connection[id: 71e8973e-fadc-4525-8187-76d262993d73] additional details: passcode in password is provided, passcode is not provided, private key is not provided, application: undefined, client name: snowflake-sdk, client version: 2.4.3, retry timeout: 300, private key path: undefined, private key pass is not provided, client store temporary credential: false, browser response timeout: 120000"}
{"level":"INFO","message":"[3:09:19.621 AM]: Connection[id: 71e8973e-fadc-4525-8187-76d262993d73] - connection object created successfully."}
{"level":"INFO","message":"[3:09:19.624 AM]: Connection[id: 71e8973e-fadc-4525-8187-76d262993d73] - async connecting. Associated Snowflake domain: GLOBAL"}
{"level":"INFO","message":"[3:09:19.625 AM]: Trying to initialize Easy Logging"}
{"level":"INFO","message":"[3:09:19.627 AM]: No client config detected."}
{"level":"INFO","message":"[3:09:19.627 AM]: No config file path found. Client config will not be used."}
{"level":"INFO","message":"[3:09:19.627 AM]: Easy Logging is disabled as no config has been found"}
{"level":"INFO","message":"[3:09:19.628 AM]: Connection[id: 71e8973e-fadc-4525-8187-76d262993d73] - authentication successful using: SNOWFLAKE"}
{"level":"ERROR","message":"[3:09:21.297 AM]: Connection[id: 71e8973e-fadc-4525-8187-76d262993d73] - connection failed after 1672.87 milliseconds. Error: Incorrect username or password was specified."}
{"level":"INFO","message":"[3:10:01.214 AM]: Creating new connection object"}
{"level":"INFO","message":"[3:10:01.215 AM]: Creating Connection[id: 9a1daa42-8b39-4971-b1f7-b238bf07ecbd] with host: aalwtqw-we85311.snowflakecomputing.com, account: aalwtqw-we85311, accessUrl: https://aalwtqw-we85311.snowflakecomputing.com, user: hlee3088, role: ACCOUNTADMIN, database: MY_DB, schema: PUBLIC, warehouse: COMPUTE_WH, proxy was not configured, password is provided, region: undefined, authenticator: SNOWFLAKE, ocsp mode: FAIL_OPEN, os: darwin, os version: 24.0.0"}
{"level":"INFO","message":"[3:10:01.216 AM]: Connection[id: 9a1daa42-8b39-4971-b1f7-b238bf07ecbd] additional details: passcode in password is provided, passcode is not provided, private key is not provided, application: undefined, client name: snowflake-sdk, client version: 2.4.3, retry timeout: 300, private key path: undefined, private key pass is not provided, client store temporary credential: false, browser response timeout: 120000"}
{"level":"INFO","message":"[3:10:01.216 AM]: Connection[id: 9a1daa42-8b39-4971-b1f7-b238bf07ecbd] - connection object created successfully."}
{"level":"INFO","message":"[3:10:01.218 AM]: Connection[id: 9a1daa42-8b39-4971-b1f7-b238bf07ecbd] - async connecting. Associated Snowflake domain: GLOBAL"}
{"level":"INFO","message":"[3:10:01.218 AM]: Connection[id: 9a1daa42-8b39-4971-b1f7-b238bf07ecbd] - authentication successful using: SNOWFLAKE"}
{"level":"ERROR","message":"[3:10:01.922 AM]: Connection[id: 9a1daa42-8b39-4971-b1f7-b238bf07ecbd] - connection failed after 704.23 milliseconds. Error: Incorrect username or password was specified."}
{"level":"INFO","message":"[3:10:57.752 AM]: Creating new connection object"}
{"level":"INFO","message":"[3:10:57.753 AM]: Creating Connection[id: ad3923eb-00f6-4955-ab6f-f04b0f4413d4] with host: aalwtqw-we85311.snowflakecomputing.com, account: aalwtqw-we85311, accessUrl: https://aalwtqw-we85311.snowflakecomputing.com, user: hlee3088, role: ACCOUNTADMIN, database: MY_DB, schema: PUBLIC, warehouse: COMPUTE_WH, proxy was not configured, password is provided, region: undefined, authenticator: SNOWFLAKE, ocsp mode: FAIL_OPEN, os: darwin, os version: 24.0.0"}
{"level":"INFO","message":"[3:10:57.753 AM]: Connection[id: ad3923eb-00f6-4955-ab6f-f04b0f4413d4] additional details: passcode in password is provided, passcode is not provided, private key is not provided, application: undefined, client name: snowflake-sdk, client version: 2.4.3, retry timeout: 300, private key path: undefined, private key pass is not provided, client store temporary credential: false, browser response timeout: 120000"}
{"level":"INFO","message":"[3:10:57.754 AM]: Connection[id: ad3923eb-00f6-4955-ab6f-f04b0f4413d4] - connection object created successfully."}
{"level":"INFO","message":"[3:10:57.754 AM]: Connection[id: ad3923eb-00f6-4955-ab6f-f04b0f4413d4] - async connecting. Associated Snowflake domain: GLOBAL"}
{"level":"INFO","message":"[3:10:57.754 AM]: Trying to initialize Easy Logging"}
{"level":"INFO","message":"[3:10:57.758 AM]: No client config detected."}
{"level":"INFO","message":"[3:10:57.758 AM]: No config file path found. Client config will not be used."}
{"level":"INFO","message":"[3:10:57.758 AM]: Easy Logging is disabled as no config has been found"}
{"level":"INFO","message":"[3:10:57.758 AM]: Connection[id: ad3923eb-00f6-4955-ab6f-f04b0f4413d4] - authentication successful using: SNOWFLAKE"}
{"level":"INFO","message":"[3:10:59.477 AM]: Connection[id: ad3923eb-00f6-4955-ab6f-f04b0f4413d4] - connection established successfully after 1722.86 milliseconds"}
{"level":"INFO","message":"[3:15:40.670 AM]: Creating new connection object"}
{"level":"INFO","message":"[3:15:40.672 AM]: Creating Connection[id: b25f141e-94a3-4a2b-8f55-16dd8f095057] with host: aalwtqw-we85311.snowflakecomputing.com, account: aalwtqw-we85311, accessUrl: https://aalwtqw-we85311.snowflakecomputing.com, user: hlee3088, role: ACCOUNTADMIN, database: MY_DB, schema: PUBLIC, warehouse: COMPUTE_WH, proxy was not configured, password is provided, region: undefined, authenticator: SNOWFLAKE, ocsp mode: FAIL_OPEN, os: darwin, os version: 24.0.0"}
{"level":"INFO","message":"[3:15:40.672 AM]: Connection[id: b25f141e-94a3-4a2b-8f55-16dd8f095057] additional details: passcode in password is provided, passcode is not provided, private key is not provided, application: undefined, client name: snowflake-sdk, client version: 2.4.3, retry timeout: 300, private key path: undefined, private key pass is not provided, client store temporary credential: false, browser response timeout: 120000"}
{"level":"INFO","message":"[3:15:40.672 AM]: Connection[id: b25f141e-94a3-4a2b-8f55-16dd8f095057] - connection object created successfully."}
{"level":"INFO","message":"[3:15:40.673 AM]: Connection[id: b25f141e-94a3-4a2b-8f55-16dd8f095057] - async connecting. Associated Snowflake domain: GLOBAL"}
{"level":"INFO","message":"[3:15:40.673 AM]: Connection[id: b25f141e-94a3-4a2b-8f55-16dd8f095057] - authentication successful using: SNOWFLAKE"}
{"level":"INFO","message":"[3:15:41.354 AM]: Connection[id: b25f141e-94a3-4a2b-8f55-16dd8f095057] - connection established successfully after 681.14 milliseconds"}
{"level":"INFO","message":"[3:55:30.169 AM]: Creating new connection object"}
{"level":"INFO","message":"[3:55:30.176 AM]: Creating Connection[id: 3ecfcea6-fe7f-42eb-a54a-d9bc2032d906] with host: aalwtqw-we85311.snowflakecomputing.com, account: aalwtqw-we85311, accessUrl: https://aalwtqw-we85311.snowflakecomputing.com, user: hlee3088, role: ACCOUNTADMIN, database: MY_DB, schema: PUBLIC, warehouse: COMPUTE_WH, proxy was not configured, password is provided, region: undefined, authenticator: SNOWFLAKE, ocsp mode: FAIL_OPEN, os: darwin, os version: 24.0.0"}
{"level":"INFO","message":"[3:55:30.176 AM]: Connection[id: 3ecfcea6-fe7f-42eb-a54a-d9bc2032d906] additional details: passcode in password is provided, passcode is not provided, private key is not provided, application: undefined, client name: snowflake-sdk, client version: 2.4.3, retry timeout: 300, private key path: undefined, private key pass is not provided, client store temporary credential: false, browser response timeout: 120000"}
{"level":"INFO","message":"[3:55:30.176 AM]: Connection[id: 3ecfcea6-fe7f-42eb-a54a-d9bc2032d906] - connection object created successfully."}
{"level":"INFO","message":"[3:55:44.084 AM]: Connection[id: 3ecfcea6-fe7f-42eb-a54a-d9bc2032d906] - async connecting. Associated Snowflake domain: GLOBAL"}
{"level":"INFO","message":"[3:55:44.086 AM]: Trying to initialize Easy Logging"}
{"level":"INFO","message":"[3:55:44.088 AM]: No client config detected."}
{"level":"INFO","message":"[3:55:44.088 AM]: No config file path found. Client config will not be used."}
{"level":"INFO","message":"[3:55:44.088 AM]: Easy Logging is disabled as no config has been found"}
{"level":"INFO","message":"[3:55:44.089 AM]: Connection[id: 3ecfcea6-fe7f-42eb-a54a-d9bc2032d906] - authentication successful using: SNOWFLAKE"}
{"level":"INFO","message":"[3:55:46.257 AM]: Connection[id: 3ecfcea6-fe7f-42eb-a54a-d9bc2032d906] - connection established successfully after 2172.91 milliseconds"}
{"level":"INFO","message":"[4:06:40.391 AM]: Creating new connection object"}
{"level":"INFO","message":"[4:06:40.392 AM]: Creating Connection[id: 0f28371c-59c2-4ae1-a738-6575badf2198] with host: aalwtqw-we85311.snowflakecomputing.com, account: aalwtqw-we85311, accessUrl: https://aalwtqw-we85311.snowflakecomputing.com, user: hlee3088, role: ACCOUNTADMIN, database: MY_DB, schema: PUBLIC, warehouse: COMPUTE_WH, proxy was not configured, password is provided, region: undefined, authenticator: SNOWFLAKE, ocsp mode: FAIL_OPEN, os: darwin, os version: 24.0.0"}
{"level":"INFO","message":"[4:06:40.393 AM]: Connection[id: 0f28371c-59c2-4ae1-a738-6575badf2198] additional details: passcode in password is provided, passcode is not provided, private key is not provided, application: undefined, client name: snowflake-sdk, client version: 2.4.3, retry timeout: 300, private key path: undefined, private key pass is not provided, client store temporary credential: false, browser response timeout: 120000"}
{"level":"INFO","message":"[4:06:40.393 AM]: Connection[id: 0f28371c-59c2-4ae1-a738-6575badf2198] - connection object created successfully."}
{"level":"INFO","message":"[4:06:53.794 AM]: Connection[id: 0f28371c-59c2-4ae1-a738-6575badf2198] - async connecting. Associated Snowflake domain: GLOBAL"}
{"level":"INFO","message":"[4:06:53.795 AM]: Connection[id: 0f28371c-59c2-4ae1-a738-6575badf2198] - authentication successful using: SNOWFLAKE"}
{"level":"INFO","message":"[4:06:54.512 AM]: Connection[id: 0f28371c-59c2-4ae1-a738-6575badf2198] - connection established successfully after 718.27 milliseconds"}
{"level":"INFO","message":"[5:10:03.946 AM]: Creating new connection object"}
{"level":"INFO","message":"[5:10:03.953 AM]: Creating Connection[id: aa1d93fc-7995-4614-b984-af1472225f66] with host: aalwtqw-we85311.snowflakecomputing.com, account: aalwtqw-we85311, accessUrl: https://aalwtqw-we85311.snowflakecomputing.com, user: hlee3088, role: ACCOUNTADMIN, database: MY_DB, schema: PUBLIC, warehouse: COMPUTE_WH, proxy was not configured, password is provided, region: undefined, authenticator: SNOWFLAKE, ocsp mode: FAIL_OPEN, os: darwin, os version: 24.0.0"}
{"level":"INFO","message":"[5:10:03.953 AM]: Connection[id: aa1d93fc-7995-4614-b984-af1472225f66] additional details: passcode in password is provided, passcode is not provided, private key is not provided, application: undefined, client name: snowflake-sdk, client version: 2.4.3, retry timeout: 300, private key path: undefined, private key pass is not provided, client store temporary credential: false, browser response timeout: 120000"}
{"level":"INFO","message":"[5:10:03.954 AM]: Connection[id: aa1d93fc-7995-4614-b984-af1472225f66] - connection object created successfully."}
{"level":"INFO","message":"[5:10:03.954 AM]: Connection[id: aa1d93fc-7995-4614-b984-af1472225f66] - async connecting. Associated Snowflake domain: GLOBAL"}
{"level":"INFO","message":"[5:10:03.954 AM]: Trying to initialize Easy Logging"}
{"level":"INFO","message":"[5:10:03.956 AM]: No client config detected."}
{"level":"INFO","message":"[5:10:03.956 AM]: No config file path found. Client config will not be used."}
{"level":"INFO","message":"[5:10:03.956 AM]: Easy Logging is disabled as no config has been found"}
{"level":"INFO","message":"[5:10:03.956 AM]: Connection[id: aa1d93fc-7995-4614-b984-af1472225f66] - authentication successful using: SNOWFLAKE"}
{"level":"INFO","message":"[5:10:05.810 AM]: Connection[id: aa1d93fc-7995-4614-b984-af1472225f66] - connection established successfully after 1855.96 milliseconds"}
{"level":"INFO","message":"[5:10:07.370 AM]: Creating new connection object"}
{"level":"INFO","message":"[5:10:07.371 AM]: Creating Connection[id: c80bee5f-b4ba-4754-b3b6-2399b61a3ecd] with host: aalwtqw-we85311.snowflakecomputing.com, account: aalwtqw-we85311, accessUrl: https://aalwtqw-we85311.snowflakecomputing.com, user: hlee3088, role: ACCOUNTADMIN, database: MY_DB, schema: PUBLIC, warehouse: COMPUTE_WH, proxy was not configured, password is provided, region: undefined, authenticator: SNOWFLAKE, ocsp mode: FAIL_OPEN, os: darwin, os version: 24.0.0"}
{"level":"INFO","message":"[5:10:07.371 AM]: Connection[id: c80bee5f-b4ba-4754-b3b6-2399b61a3ecd] additional details: passcode in password is provided, passcode is not provided, private key is not provided, application: undefined, client name: snowflake-sdk, client version: 2.4.3, retry timeout: 300, private key path: undefined, private key pass is not provided, client store temporary credential: false, browser response timeout: 120000"}
{"level":"INFO","message":"[5:10:07.371 AM]: Connection[id: c80bee5f-b4ba-4754-b3b6-2399b61a3ecd] - connection object created successfully."}
{"level":"INFO","message":"[5:10:07.371 AM]: Connection[id: c80bee5f-b4ba-4754-b3b6-2399b61a3ecd] - async connecting. Associated Snowflake domain: GLOBAL"}
{"level":"INFO","message":"[5:10:07.371 AM]: Connection[id: c80bee5f-b4ba-4754-b3b6-2399b61a3ecd] - authentication successful using: SNOWFLAKE"}
{"level":"INFO","message":"[5:10:07.952 AM]: Connection[id: c80bee5f-b4ba-4754-b3b6-2399b61a3ecd] - connection established successfully after 580.26 milliseconds"}
{"level":"INFO","message":"[5:10:11.270 AM]: Creating new connection object"}
{"level":"INFO","message":"[5:10:11.270 AM]: Creating Connection[id: f6153c6e-3a24-4953-a0d6-ed7df16960ad] with host: aalwtqw-we85311.snowflakecomputing.com, account: aalwtqw-we85311, accessUrl: https://aalwtqw-we85311.snowflakecomputing.com, user: hlee3088, role: ACCOUNTADMIN, database: MY_DB, schema: PUBLIC, warehouse: COMPUTE_WH, proxy was not configured, password is provided, region: undefined, authenticator: SNOWFLAKE, ocsp mode: FAIL_OPEN, os: darwin, os version: 24.0.0"}
{"level":"INFO","message":"[5:10:11.270 AM]: Connection[id: f6153c6e-3a24-4953-a0d6-ed7df16960ad] additional details: passcode in password is provided, passcode is not provided, private key is not provided, application: undefined, client name: snowflake-sdk, client version: 2.4.3, retry timeout: 300, private key path: undefined, private key pass is not provided, client store temporary credential: false, browser response timeout: 120000"}
{"level":"INFO","message":"[5:10:11.270 AM]: Connection[id: f6153c6e-3a24-4953-a0d6-ed7df16960ad] - connection object created successfully."}
{"level":"INFO","message":"[5:10:11.270 AM]: Connection[id: f6153c6e-3a24-4953-a0d6-ed7df16960ad] - async connecting. Associated Snowflake domain: GLOBAL"}
{"level":"INFO","message":"[5:10:11.270 AM]: Connection[id: f6153c6e-3a24-4953-a0d6-ed7df16960ad] - authentication successful using: SNOWFLAKE"}
{"level":"INFO","message":"[5:10:12.343 AM]: Connection[id: f6153c6e-3a24-4953-a0d6-ed7df16960ad] - connection established successfully after 1072.92 milliseconds"}
{"level":"INFO","message":"[5:10:12.840 AM]: Creating new connection object"}
{"level":"INFO","message":"[5:10:12.841 AM]: Creating Connection[id: 1da0d900-a8e2-4c5f-b9be-531c4d1140c7] with host: aalwtqw-we85311.snowflakecomputing.com, account: aalwtqw-we85311, accessUrl: https://aalwtqw-we85311.snowflakecomputing.com, user: hlee3088, role: ACCOUNTADMIN, database: MY_DB, schema: PUBLIC, warehouse: COMPUTE_WH, proxy was not configured, password is provided, region: undefined, authenticator: SNOWFLAKE, ocsp mode: FAIL_OPEN, os: darwin, os version: 24.0.0"}
{"level":"INFO","message":"[5:10:12.841 AM]: Connection[id: 1da0d900-a8e2-4c5f-b9be-531c4d1140c7] additional details: passcode in password is provided, passcode is not provided, private key is not provided, application: undefined, client name: snowflake-sdk, client version: 2.4.3, retry timeout: 300, private key path: undefined, private key pass is not provided, client store temporary credential: false, browser response timeout: 120000"}
{"level":"INFO","message":"[5:10:12.841 AM]: Connection[id: 1da0d900-a8e2-4c5f-b9be-531c4d1140c7] - connection object created successfully."}
{"level":"INFO","message":"[5:10:12.841 AM]: Connection[id: 1da0d900-a8e2-4c5f-b9be-531c4d1140c7] - async connecting. Associated Snowflake domain: GLOBAL"}
{"level":"INFO","message":"[5:10:12.842 AM]: Connection[id: 1da0d900-a8e2-4c5f-b9be-531c4d1140c7] - authentication successful using: SNOWFLAKE"}
{"level":"INFO","message":"[5:10:13.423 AM]: Connection[id: 1da0d900-a8e2-4c5f-b9be-531c4d1140c7] - connection established successfully after 581.59 milliseconds"}
{"level":"INFO","message":"[5:10:44.665 AM]: Creating new connection object"}
{"level":"INFO","message":"[5:10:44.666 AM]: Creating Connection[id: 23318f8d-fa47-4e1b-a9a2-41c1ba968f2f] with host: aalwtqw-we85311.snowflakecomputing.com, account: aalwtqw-we85311, accessUrl: https://aalwtqw-we85311.snowflakecomputing.com, user: hlee3088, role: ACCOUNTADMIN, database: MY_DB, schema: PUBLIC, warehouse: COMPUTE_WH, proxy was not configured, password is provided, region: undefined, authenticator: SNOWFLAKE, ocsp mode: FAIL_OPEN, os: darwin, os version: 24.0.0"}
{"level":"INFO","message":"[5:10:44.666 AM]: Connection[id: 23318f8d-fa47-4e1b-a9a2-41c1ba968f2f] additional details: passcode in password is provided, passcode is not provided, private key is not provided, application: undefined, client name: snowflake-sdk, client version: 2.4.3, retry timeout: 300, private key path: undefined, private key pass is not provided, client store temporary credential: false, browser response timeout: 120000"}
{"level":"INFO","message":"[5:10:44.666 AM]: Connection[id: 23318f8d-fa47-4e1b-a9a2-41c1ba968f2f] - connection object created successfully."}
{"level":"INFO","message":"[5:10:59.321 AM]: Connection[id: 23318f8d-fa47-4e1b-a9a2-41c1ba968f2f] - async connecting. Associated Snowflake domain: GLOBAL"}
{"level":"INFO","message":"[5:10:59.322 AM]: Connection[id: 23318f8d-fa47-4e1b-a9a2-41c1ba968f2f] - authentication successful using: SNOWFLAKE"}
{"level":"INFO","message":"[5:11:00.474 AM]: Connection[id: 23318f8d-fa47-4e1b-a9a2-41c1ba968f2f] - connection established successfully after 1153.55 milliseconds"}
{"level":"INFO","message":"[5:11:01.388 AM]: Creating new connection object"}
{"level":"INFO","message":"[5:11:01.389 AM]: Creating Connection[id: 732d8e51-a767-45ec-85a1-2a105ddd45ad] with host: aalwtqw-we85311.snowflakecomputing.com, account: aalwtqw-we85311, accessUrl: https://aalwtqw-we85311.snowflakecomputing.com, user: hlee3088, role: ACCOUNTADMIN, database: MY_DB, schema: PUBLIC, warehouse: COMPUTE_WH, proxy was not configured, password is provided, region: undefined, authenticator: SNOWFLAKE, ocsp mode: FAIL_OPEN, os: darwin, os version: 24.0.0"}
{"level":"INFO","message":"[5:11:01.389 AM]: Connection[id: 732d8e51-a767-45ec-85a1-2a105ddd45ad] additional details: passcode in password is provided, passcode is not provided, private key is not provided, application: undefined, client name: snowflake-sdk, client version: 2.4.3, retry timeout: 300, private key path: undefined, private key pass is not provided, client store temporary credential: false, browser response timeout: 120000"}
{"level":"INFO","message":"[5:11:01.389 AM]: Connection[id: 732d8e51-a767-45ec-85a1-2a105ddd45ad] - connection object created successfully."}
{"level":"INFO","message":"[5:11:01.389 AM]: Connection[id: 732d8e51-a767-45ec-85a1-2a105ddd45ad] - async connecting. Associated Snowflake domain: GLOBAL"}
{"level":"INFO","message":"[5:11:01.389 AM]: Connection[id: 732d8e51-a767-45ec-85a1-2a105ddd45ad] - authentication successful using: SNOWFLAKE"}
{"level":"INFO","message":"[5:11:01.916 AM]: Connection[id: 732d8e51-a767-45ec-85a1-2a105ddd45ad] - connection established successfully after 527.13 milliseconds"}
